  Renderer.cpp
d:\4학년1학기\컴퓨터그래픽스\그래픽스 프로젝트\tank-modeling,mapping\kinect_sample_re\renderer.cpp(36): warning C4244: '=': 'GLuint'에서 'GLfloat'(으)로 변환하면서 데이터가 손실될 수 있습니다.
d:\4학년1학기\컴퓨터그래픽스\그래픽스 프로젝트\tank-modeling,mapping\kinect_sample_re\renderer.cpp(372): warning C4244: '인수': 'double'에서 'GLfloat'(으)로 변환하면서 데이터가 손실될 수 있습니다.
d:\4학년1학기\컴퓨터그래픽스\그래픽스 프로젝트\tank-modeling,mapping\kinect_sample_re\renderer.cpp(422): warning C4244: '인수': 'double'에서 'GLfloat'(으)로 변환하면서 데이터가 손실될 수 있습니다.
d:\4학년1학기\컴퓨터그래픽스\그래픽스 프로젝트\tank-modeling,mapping\kinect_sample_re\renderer.cpp(423): warning C4244: '인수': 'double'에서 'GLfloat'(으)로 변환하면서 데이터가 손실될 수 있습니다.
d:\4학년1학기\컴퓨터그래픽스\그래픽스 프로젝트\tank-modeling,mapping\kinect_sample_re\renderer.cpp(424): warning C4244: '인수': 'double'에서 'GLfloat'(으)로 변환하면서 데이터가 손실될 수 있습니다.
d:\4학년1학기\컴퓨터그래픽스\그래픽스 프로젝트\tank-modeling,mapping\kinect_sample_re\renderer.cpp(429): warning C4244: '인수': 'double'에서 'GLfloat'(으)로 변환하면서 데이터가 손실될 수 있습니다.
d:\4학년1학기\컴퓨터그래픽스\그래픽스 프로젝트\tank-modeling,mapping\kinect_sample_re\renderer.cpp(430): warning C4244: '인수': 'double'에서 'GLfloat'(으)로 변환하면서 데이터가 손실될 수 있습니다.
d:\4학년1학기\컴퓨터그래픽스\그래픽스 프로젝트\tank-modeling,mapping\kinect_sample_re\renderer.cpp(431): warning C4244: '인수': 'double'에서 'GLfloat'(으)로 변환하면서 데이터가 손실될 수 있습니다.
d:\4학년1학기\컴퓨터그래픽스\그래픽스 프로젝트\tank-modeling,mapping\kinect_sample_re\renderer.cpp(436): warning C4244: '인수': 'double'에서 'GLfloat'(으)로 변환하면서 데이터가 손실될 수 있습니다.
d:\4학년1학기\컴퓨터그래픽스\그래픽스 프로젝트\tank-modeling,mapping\kinect_sample_re\renderer.cpp(437): warning C4244: '인수': 'double'에서 'GLfloat'(으)로 변환하면서 데이터가 손실될 수 있습니다.
d:\4학년1학기\컴퓨터그래픽스\그래픽스 프로젝트\tank-modeling,mapping\kinect_sample_re\renderer.cpp(438): warning C4244: '인수': 'double'에서 'GLfloat'(으)로 변환하면서 데이터가 손실될 수 있습니다.
d:\4학년1학기\컴퓨터그래픽스\그래픽스 프로젝트\tank-modeling,mapping\kinect_sample_re\renderer.cpp(443): warning C4244: '인수': 'double'에서 'GLfloat'(으)로 변환하면서 데이터가 손실될 수 있습니다.
d:\4학년1학기\컴퓨터그래픽스\그래픽스 프로젝트\tank-modeling,mapping\kinect_sample_re\renderer.cpp(444): warning C4244: '인수': 'double'에서 'GLfloat'(으)로 변환하면서 데이터가 손실될 수 있습니다.
d:\4학년1학기\컴퓨터그래픽스\그래픽스 프로젝트\tank-modeling,mapping\kinect_sample_re\renderer.cpp(445): warning C4244: '인수': 'double'에서 'GLfloat'(으)로 변환하면서 데이터가 손실될 수 있습니다.
d:\4학년1학기\컴퓨터그래픽스\그래픽스 프로젝트\tank-modeling,mapping\kinect_sample_re\renderer.cpp(456): warning C4244: '=': 'double'에서 'float'(으)로 변환하면서 데이터가 손실될 수 있습니다.
d:\4학년1학기\컴퓨터그래픽스\그래픽스 프로젝트\tank-modeling,mapping\kinect_sample_re\renderer.cpp(460): warning C4244: '=': 'double'에서 'float'(으)로 변환하면서 데이터가 손실될 수 있습니다.
d:\4학년1학기\컴퓨터그래픽스\그래픽스 프로젝트\tank-modeling,mapping\kinect_sample_re\renderer.cpp(472): warning C4244: '초기화 중': 'double'에서 'float'(으)로 변환하면서 데이터가 손실될 수 있습니다.
d:\4학년1학기\컴퓨터그래픽스\그래픽스 프로젝트\tank-modeling,mapping\kinect_sample_re\renderer.cpp(474): warning C4244: '인수': 'double'에서 'GLfloat'(으)로 변환하면서 데이터가 손실될 수 있습니다.
d:\4학년1학기\컴퓨터그래픽스\그래픽스 프로젝트\tank-modeling,mapping\kinect_sample_re\renderer.cpp(478): warning C4244: '=': 'double'에서 'float'(으)로 변환하면서 데이터가 손실될 수 있습니다.
d:\4학년1학기\컴퓨터그래픽스\그래픽스 프로젝트\tank-modeling,mapping\kinect_sample_re\renderer.cpp(480): warning C4244: '인수': 'double'에서 'GLfloat'(으)로 변환하면서 데이터가 손실될 수 있습니다.
d:\4학년1학기\컴퓨터그래픽스\그래픽스 프로젝트\tank-modeling,mapping\kinect_sample_re\renderer.cpp(484): warning C4244: '=': 'double'에서 'float'(으)로 변환하면서 데이터가 손실될 수 있습니다.
d:\4학년1학기\컴퓨터그래픽스\그래픽스 프로젝트\tank-modeling,mapping\kinect_sample_re\renderer.cpp(486): warning C4244: '인수': 'double'에서 'GLfloat'(으)로 변환하면서 데이터가 손실될 수 있습니다.
d:\4학년1학기\컴퓨터그래픽스\그래픽스 프로젝트\tank-modeling,mapping\kinect_sample_re\renderer.cpp(490): warning C4244: '=': 'double'에서 'float'(으)로 변환하면서 데이터가 손실될 수 있습니다.
d:\4학년1학기\컴퓨터그래픽스\그래픽스 프로젝트\tank-modeling,mapping\kinect_sample_re\renderer.cpp(492): warning C4244: '인수': 'double'에서 'GLfloat'(으)로 변환하면서 데이터가 손실될 수 있습니다.
  Kinect_Sample_Re.vcxproj -> D:\4학년1학기\컴퓨터그래픽스\그래픽스 프로젝트\tank-Modeling,Mapping\x64\Debug\gltest.exe
